<?xml version="1.0" encoding="UTF-8"?>
<testsuite name="com.pw.cinema.CinemaApplicationTests" tests="1" skipped="0" failures="0" errors="0" timestamp="2022-10-25T19:07:57" hostname="Minhs-MacBook-Pro.local" time="0.319">
  <properties/>
  <testcase name="contextLoads()" classname="com.pw.cinema.CinemaApplicationTests" time="0.319"/>
  <system-out><![CDATA[21:07:56.302 [Test worker] DEBUG org.springframework.test.context.BootstrapUtils - Instantiating CacheAwareContextLoaderDelegate from class [org.springframework.test.context.cache.DefaultCacheAwareContextLoaderDelegate]
21:07:56.311 [Test worker] DEBUG org.springframework.test.context.BootstrapUtils - Instantiating BootstrapContext using constructor [public org.springframework.test.context.support.DefaultBootstrapContext(java.lang.Class,org.springframework.test.context.CacheAwareContextLoaderDelegate)]
21:07:56.341 [Test worker] DEBUG org.springframework.test.context.BootstrapUtils - Instantiating TestContextBootstrapper for test class [com.pw.cinema.CinemaApplicationTests] from class [org.springframework.boot.test.context.SpringBootTestContextBootstrapper]
21:07:56.350 [Test worker] INFO org.springframework.boot.test.context.SpringBootTestContextBootstrapper - Neither @ContextConfiguration nor @ContextHierarchy found for test class [com.pw.cinema.CinemaApplicationTests], using SpringBootContextLoader
21:07:56.354 [Test worker] DEBUG org.springframework.test.context.support.AbstractContextLoader - Did not detect default resource location for test class [com.pw.cinema.CinemaApplicationTests]: class path resource [com/pw/cinema/CinemaApplicationTests-context.xml] does not exist
21:07:56.354 [Test worker] DEBUG org.springframework.test.context.support.AbstractContextLoader - Did not detect default resource location for test class [com.pw.cinema.CinemaApplicationTests]: class path resource [com/pw/cinema/CinemaApplicationTestsContext.groovy] does not exist
21:07:56.354 [Test worker] INFO org.springframework.test.context.support.AbstractContextLoader - Could not detect default resource locations for test class [com.pw.cinema.CinemaApplicationTests]: no resource found for suffixes {-context.xml, Context.groovy}.
21:07:56.355 [Test worker] INFO org.springframework.test.context.support.AnnotationConfigContextLoaderUtils - Could not detect default configuration classes for test class [com.pw.cinema.CinemaApplicationTests]: CinemaApplicationTests does not declare any static, non-private, non-final, nested classes annotated with @Configuration.
21:07:56.388 [Test worker] DEBUG org.springframework.test.context.support.ActiveProfilesUtils - Could not find an 'annotation declaring class' for annotation type [org.springframework.test.context.ActiveProfiles] and class [com.pw.cinema.CinemaApplicationTests]
21:07:56.433 [Test worker] DEBUG org.springframework.context.annotation.ClassPathScanningCandidateComponentProvider - Identified candidate component class: file [/Users/congminh1254/cinemo-backend/build/classes/java/main/com/pw/cinema/CinemaApplication.class]
21:07:56.434 [Test worker] INFO org.springframework.boot.test.context.SpringBootTestContextBootstrapper - Found @SpringBootConfiguration com.pw.cinema.CinemaApplication for test class com.pw.cinema.CinemaApplicationTests
21:07:56.495 [Test worker] DEBUG org.springframework.boot.test.context.SpringBootTestContextBootstrapper - @TestExecutionListeners is not present for class [com.pw.cinema.CinemaApplicationTests]: using defaults.
21:07:56.495 [Test worker] INFO org.springframework.boot.test.context.SpringBootTestContextBootstrapper - Loaded default TestExecutionListener class names from location [META-INF/spring.factories]: [org.springframework.boot.test.autoconfigure.restdocs.RestDocsTestExecutionListener, org.springframework.boot.test.autoconfigure.web.client.MockRestServiceServerResetTestExecutionListener, org.springframework.boot.test.autoconfigure.web.servlet.MockMvcPrintOnlyOnFailureTestExecutionListener, org.springframework.boot.test.autoconfigure.web.servlet.WebDriverTestExecutionListener, org.springframework.boot.test.autoconfigure.webservices.client.MockWebServiceServerTestExecutionListener, org.springframework.boot.test.mock.mockito.MockitoTestExecutionListener, org.springframework.boot.test.mock.mockito.ResetMocksTestExecutionListener, org.springframework.test.context.web.ServletTestExecutionListener, org.springframework.test.context.support.DirtiesContextBeforeModesTestExecutionListener, org.springframework.test.context.event.ApplicationEventsTestExecutionListener, org.springframework.test.context.support.DependencyInjectionTestExecutionListener, org.springframework.test.context.support.DirtiesContextTestExecutionListener, org.springframework.test.context.transaction.TransactionalTestExecutionListener, org.springframework.test.context.jdbc.SqlScriptsTestExecutionListener, org.springframework.test.context.event.EventPublishingTestExecutionListener]
21:07:56.501 [Test worker] DEBUG org.springframework.boot.test.context.SpringBootTestContextBootstrapper - Skipping candidate TestExecutionListener [org.springframework.test.context.transaction.TransactionalTestExecutionListener] due to a missing dependency. Specify custom listener classes or make the default listener classes and their required dependencies available. Offending class: [org/springframework/transaction/interceptor/TransactionAttributeSource]
21:07:56.502 [Test worker] DEBUG org.springframework.boot.test.context.SpringBootTestContextBootstrapper - Skipping candidate TestExecutionListener [org.springframework.test.context.jdbc.SqlScriptsTestExecutionListener] due to a missing dependency. Specify custom listener classes or make the default listener classes and their required dependencies available. Offending class: [org/springframework/transaction/interceptor/TransactionAttribute]
21:07:56.502 [Test worker] INFO org.springframework.boot.test.context.SpringBootTestContextBootstrapper - Using TestExecutionListeners: [org.springframework.test.context.web.ServletTestExecutionListener@2b5825fa, org.springframework.test.context.support.DirtiesContextBeforeModesTestExecutionListener@53d1b9b3, org.springframework.test.context.event.ApplicationEventsTestExecutionListener@2cae1042, org.springframework.boot.test.mock.mockito.MockitoTestExecutionListener@163d04ff, org.springframework.boot.test.autoconfigure.SpringBootDependencyInjectionTestExecutionListener@7c209437, org.springframework.test.context.support.DirtiesContextTestExecutionListener@2262b621, org.springframework.test.context.event.EventPublishingTestExecutionListener@7e928e2f, org.springframework.boot.test.autoconfigure.restdocs.RestDocsTestExecutionListener@f667fe, org.springframework.boot.test.autoconfigure.web.client.MockRestServiceServerResetTestExecutionListener@788fcafb, org.springframework.boot.test.autoconfigure.web.servlet.MockMvcPrintOnlyOnFailureTestExecutionListener@4febb875, org.springframework.boot.test.autoconfigure.web.servlet.WebDriverTestExecutionListener@25e2a451, org.springframework.boot.test.autoconfigure.webservices.client.MockWebServiceServerTestExecutionListener@1698ee84, org.springframework.boot.test.mock.mockito.ResetMocksTestExecutionListener@10c626be]
21:07:56.504 [Test worker] DEBUG org.springframework.test.context.support.AbstractDirtiesContextTestExecutionListener - Before test class: context [DefaultTestContext@758c83d8 testClass = CinemaApplicationTests, testInstance = [null], testMethod = [null], testException = [null], mergedContextConfiguration = [WebMergedContextConfiguration@129b4fe2 testClass = CinemaApplicationTests, locations = '{}', classes = '{class com.pw.cinema.CinemaApplication}', contextInitializerClasses = '[]', activeProfiles = '{}', propertySourceLocations = '{}', propertySourceProperties = '{org.springframework.boot.test.context.SpringBootTestContextBootstrapper=true}', contextCustomizers = set[org.springframework.boot.test.autoconfigure.actuate.metrics.MetricsExportContextCustomizerFactory$DisableMetricExportContextCustomizer@d278d2b, org.springframework.boot.test.autoconfigure.properties.PropertyMappingContextCustomizer@0, org.springframework.boot.test.autoconfigure.web.servlet.WebDriverContextCustomizerFactory$Customizer@59e505b2, org.springframework.boot.test.context.filter.ExcludeFilterContextCustomizer@37e4d7bb, org.springframework.boot.test.json.DuplicateJsonObjectContextCustomizerFactory$DuplicateJsonObjectContextCustomizer@63611043, org.springframework.boot.test.mock.mockito.MockitoContextCustomizer@0, org.springframework.boot.test.web.client.TestRestTemplateContextCustomizer@1e8b7643, org.springframework.boot.test.context.SpringBootTestArgs@1, org.springframework.boot.test.context.SpringBootTestWebEnvironment@2df3b89c], resourceBasePath = 'src/main/webapp', contextLoader = 'org.springframework.boot.test.context.SpringBootContextLoader', parent = [null]], attributes = map['org.springframework.test.context.web.ServletTestExecutionListener.activateListener' -> true]], class annotated with @DirtiesContext [false] with mode [null].

  .   ____          _            __ _ _
 /\\ / ___'_ __ _ _(_)_ __  __ _ \ \ \ \
( ( )\___ | '_ | '_| | '_ \/ _` | \ \ \ \
 \\/  ___)| |_)| | | | | || (_| |  ) ) ) )
  '  |____| .__|_| |_|_| |_\__, | / / / /
 =========|_|==============|___/=/_/_/_/
 :: Spring Boot ::                (v2.7.5)

2022-10-25 21:07:56.934  INFO 36777 --- [    Test worker] com.pw.cinema.CinemaApplicationTests     : Starting CinemaApplicationTests using Java 17.0.5 on Minhs-MacBook-Pro.local with PID 36777 (started by congminh1254 in /Users/congminh1254/cinemo-backend)
2022-10-25 21:07:56.935  INFO 36777 --- [    Test worker] com.pw.cinema.CinemaApplicationTests     : No active profile set, falling back to 1 default profile: "default"
2022-10-25 21:07:57.949  INFO 36777 --- [    Test worker] com.pw.cinema.CinemaApplicationTests     : Started CinemaApplicationTests in 1.421 seconds (JVM running for 2.268)
]]></system-out>
  <system-err><![CDATA[]]></system-err>
</testsuite>
